<?xml version="1.0" encoding="UTF-8"?>
<!-- Generated by org.testng.reporters.JUnitReportReporter -->
<testsuite hostname="rohitpunekar" failures="0" tests="5" name="tests.TestCases" time="6.246" errors="0" timestamp="2024-11-22T22:04:57 IST" skipped="0">
  <testcase classname="tests.TestCases" name="Login" time="4.052"/>
  <testcase classname="tests.TestCases" name="Create_Product" time="1.727"/>
  <testcase classname="tests.TestCases" name="Create_Order" time="0.162"/>
  <testcase classname="tests.TestCases" name="View_Order_Details" time="0.157"/>
  <testcase classname="tests.TestCases" name="Delete_order" time="0.148"/>
</testsuite> <!-- tests.TestCases -->
